2019-01-02 15:08:10,699 InfoEarthFrame.WebApi.Next.Filters.CustomAuthorizeAttribute [40] ERROR System.ArgumentNullException: 值不能为 null。
参数名: s
   在 InfoEarthFrame.Common.XmlConvert.XmlDeserialize[T](String s, Encoding encoding) 位置 d:\SVN\SPACEDATA\InfoEarthFrame.Common\XmlConvert.cs:行号 23
   在 InfoEarthFrame.Common.Metadata.GetInstance(String mainId, String folderName, String ftpPath) 位置 d:\SVN\SPACEDATA\InfoEarthFrame.Common\MetaDataFileXml\Metadata.cs:行号 67
   在 InfoEarthFrame.Application.DataManageAppService.GetMetaData(String mainId, String folderName) 位置 d:\SVN\SPACEDATA\InfoEarthFrame.Application\DataManage\DataManageAppService.cs:行号 2022
   在 InfoEarthFrame.WebApi.Next.Controllers.DataManagerController.GetMetaData(String mainId, String folderName) 位置 D:\SVN\SPACEDATA\InfoEarthFrame.WebApi.Next\Controllers\DataManagerController.cs:行号 346
   在 lambda_method(Closure , Object , Object[] )
   在 System.Web.Http.Controllers.ReflectedHttpActionDescriptor.ActionExecutor.<>c__DisplayClass10.<GetExecutor>b__9(Object instance, Object[] methodParameters)
   在 System.Web.Http.Controllers.ReflectedHttpActionDescriptor.ActionExecutor.Execute(Object instance, Object[] arguments)
   在 System.Web.Http.Controllers.ReflectedHttpActionDescriptor.ExecuteAsync(HttpControllerContext controllerContext, IDictionary`2 arguments, CancellationToken cancellationToken)
--- 引发异常的上一位置中堆栈跟踪的末尾 ---
   在 System.Runtime.CompilerServices.TaskAwaiter.ThrowForNonSuccess(Task task)
   在 System.Runtime.CompilerServices.TaskAwaiter.HandleNonSuccessAndDebuggerNotification(Task task)
   在 System.Web.Http.Controllers.ApiControllerActionInvoker.<InvokeActionAsyncCore>d__0.MoveNext()
--- 引发异常的上一位置中堆栈跟踪的末尾 ---
   在 System.Runtime.CompilerServices.TaskAwaiter.ThrowForNonSuccess(Task task)
   在 System.Runtime.CompilerServices.TaskAwaiter.HandleNonSuccessAndDebuggerNotification(Task task)
   在 System.Web.Http.Controllers.ActionFilterResult.<ExecuteAsync>d__2.MoveNext()
--- 引发异常的上一位置中堆栈跟踪的末尾 ---
   在 System.Runtime.CompilerServices.TaskAwaiter.ThrowForNonSuccess(Task task)
   在 System.Runtime.CompilerServices.TaskAwaiter.HandleNonSuccessAndDebuggerNotification(Task task)
   在 System.Web.Http.Filters.AuthorizationFilterAttribute.<ExecuteAuthorizationFilterAsyncCore>d__2.MoveNext()
--- 引发异常的上一位置中堆栈跟踪的末尾 ---
   在 System.Runtime.CompilerServices.TaskAwaiter.ThrowForNonSuccess(Task task)
   在 System.Runtime.CompilerServices.TaskAwaiter.HandleNonSuccessAndDebuggerNotification(Task task)
   在 System.Web.Http.Controllers.ExceptionFilterResult.<ExecuteAsync>d__0.MoveNext()
2019-01-02 15:08:18,908 InfoEarthFrame.WebApi.Next.Filters.CustomAuthorizeAttribute [54] ERROR System.ArgumentNullException: 值不能为 null。
参数名: s
   在 InfoEarthFrame.Common.XmlConvert.XmlDeserialize[T](String s, Encoding encoding) 位置 d:\SVN\SPACEDATA\InfoEarthFrame.Common\XmlConvert.cs:行号 23
   在 InfoEarthFrame.Common.Metadata.GetInstance(String mainId, String folderName, String ftpPath) 位置 d:\SVN\SPACEDATA\InfoEarthFrame.Common\MetaDataFileXml\Metadata.cs:行号 67
   在 InfoEarthFrame.Application.DataManageAppService.GetMetaData(String mainId, String folderName) 位置 d:\SVN\SPACEDATA\InfoEarthFrame.Application\DataManage\DataManageAppService.cs:行号 2022
   在 InfoEarthFrame.WebApi.Next.Controllers.DataManagerController.GetMetaData(String mainId, String folderName) 位置 D:\SVN\SPACEDATA\InfoEarthFrame.WebApi.Next\Controllers\DataManagerController.cs:行号 346
   在 lambda_method(Closure , Object , Object[] )
   在 System.Web.Http.Controllers.ReflectedHttpActionDescriptor.ActionExecutor.<>c__DisplayClass10.<GetExecutor>b__9(Object instance, Object[] methodParameters)
   在 System.Web.Http.Controllers.ReflectedHttpActionDescriptor.ActionExecutor.Execute(Object instance, Object[] arguments)
   在 System.Web.Http.Controllers.ReflectedHttpActionDescriptor.ExecuteAsync(HttpControllerContext controllerContext, IDictionary`2 arguments, CancellationToken cancellationToken)
--- 引发异常的上一位置中堆栈跟踪的末尾 ---
   在 System.Runtime.CompilerServices.TaskAwaiter.ThrowForNonSuccess(Task task)
   在 System.Runtime.CompilerServices.TaskAwaiter.HandleNonSuccessAndDebuggerNotification(Task task)
   在 System.Web.Http.Controllers.ApiControllerActionInvoker.<InvokeActionAsyncCore>d__0.MoveNext()
--- 引发异常的上一位置中堆栈跟踪的末尾 ---
   在 System.Runtime.CompilerServices.TaskAwaiter.ThrowForNonSuccess(Task task)
   在 System.Runtime.CompilerServices.TaskAwaiter.HandleNonSuccessAndDebuggerNotification(Task task)
   在 System.Web.Http.Controllers.ActionFilterResult.<ExecuteAsync>d__2.MoveNext()
--- 引发异常的上一位置中堆栈跟踪的末尾 ---
   在 System.Runtime.CompilerServices.TaskAwaiter.ThrowForNonSuccess(Task task)
   在 System.Runtime.CompilerServices.TaskAwaiter.HandleNonSuccessAndDebuggerNotification(Task task)
   在 System.Web.Http.Filters.AuthorizationFilterAttribute.<ExecuteAuthorizationFilterAsyncCore>d__2.MoveNext()
--- 引发异常的上一位置中堆栈跟踪的末尾 ---
   在 System.Runtime.CompilerServices.TaskAwaiter.ThrowForNonSuccess(Task task)
   在 System.Runtime.CompilerServices.TaskAwaiter.HandleNonSuccessAndDebuggerNotification(Task task)
   在 System.Web.Http.Controllers.ExceptionFilterResult.<ExecuteAsync>d__0.MoveNext()
