2019-02-11 09:11:46,165 InfoEarthFrame.Web.Next.MvcApplication [10] ERROR System.InvalidOperationException: 尝试创建“InfoEarthFrame.Web.Next.Controllers.AccountController”类型的控制器时出错。请确保控制器具有无参数公共构造函数。 ---> Autofac.Core.DependencyResolutionException: An exception was thrown while invoking the constructor 'Void .ctor()' on type 'InfoEarthFrameDbContext'. ---> An error occurred accessing the database. This usually means that the connection to the database failed. Check that the connection string is correct and that the appropriate DbContext constructor is being used to specify it or find it in the application's config file. See http://go.microsoft.com/fwlink/?LinkId=386386 for information on DbContext and connections. See the inner exception for details of the failure. (See inner exception for details.) ---> System.Data.Entity.Core.ProviderIncompatibleException: An error occurred accessing the database. This usually means that the connection to the database failed. Check that the connection string is correct and that the appropriate DbContext constructor is being used to specify it or find it in the application's config file. See http://go.microsoft.com/fwlink/?LinkId=386386 for information on DbContext and connections. See the inner exception for details of the failure. ---> System.Data.Entity.Core.ProviderIncompatibleException: The provider did not return a ProviderManifestToken string. ---> System.Net.Sockets.SocketException: 向一个无法连接的网络尝试了一个套接字操作。
   在 Npgsql.NpgsqlConnector.Connect(NpgsqlTimeout timeout)
   在 Npgsql.NpgsqlConnector.RawOpen(NpgsqlTimeout timeout)
   在 Npgsql.NpgsqlConnector.Open(NpgsqlTimeout timeout)
   在 Npgsql.NpgsqlConnection.OpenInternal()
   在 Npgsql.NpgsqlConnection.Open()
   在 Npgsql.NpgsqlServices.UsingPostgresDBConnection(NpgsqlConnection connection, Action`1 action)
   在 Npgsql.NpgsqlServices.GetDbProviderManifestToken(DbConnection connection)
   在 System.Data.Entity.Core.Common.DbProviderServices.GetProviderManifestToken(DbConnection connection)
   --- 内部异常堆栈跟踪的结尾 ---
   在 System.Data.Entity.Core.Common.DbProviderServices.GetProviderManifestToken(DbConnection connection)
   在 System.Data.Entity.Utilities.DbProviderServicesExtensions.GetProviderManifestTokenChecked(DbProviderServices providerServices, DbConnection connection)
   --- 内部异常堆栈跟踪的结尾 ---
   在 System.Data.Entity.Utilities.DbProviderServicesExtensions.GetProviderManifestTokenChecked(DbProviderServices providerServices, DbConnection connection)
   在 System.Data.Entity.Infrastructure.DefaultManifestTokenResolver.<>c__DisplayClass1.<ResolveManifestToken>b__0(Tuple`3 k)
   在 System.Collections.Concurrent.ConcurrentDictionary`2.GetOrAdd(TKey key, Func`2 valueFactory)
   在 System.Data.Entity.Infrastructure.DefaultManifestTokenResolver.ResolveManifestToken(DbConnection connection)
   在 System.Data.Entity.Utilities.DbConnectionExtensions.GetProviderInfo(DbConnection connection, DbProviderManifest& providerManifest)
   在 System.Data.Entity.DbModelBuilder.Build(DbConnection providerConnection)
   在 System.Data.Entity.Internal.LazyInternalContext.CreateModel(LazyInternalContext internalContext)
   在 System.Data.Entity.Internal.RetryLazy`2.GetValue(TInput input)
   在 System.Data.Entity.Internal.LazyInternalContext.InitializeContext()
   在 System.Data.Entity.Internal.InternalContext.ForceOSpaceLoadingForKnownEntityTypes()
   在 System.Data.Entity.DbContext.System.Data.Entity.Infrastructure.IObjectContextAdapter.get_ObjectContext()
   在 Abp.EntityFramework.AbpDbContext.RegisterToChanges() 位置 D:\Halil\GitHub\aspnetboilerplate\src\Abp.EntityFramework\EntityFramework\AbpDbContext.cs:行号 129
   在 Abp.EntityFramework.AbpDbContext..ctor(String nameOrConnectionString) 位置 D:\Halil\GitHub\aspnetboilerplate\src\Abp.EntityFramework\EntityFramework\AbpDbContext.cs:行号 73
   在 InfoEarthFrame.EntityFramework.InfoEarthFrameDbContext..ctor() 位置 d:\SVN\SPACEDATA\InfoEarthFrame.EntityFramework\EntityFramework\InfoEarthFrameDbContext.cs:行号 78
   在 lambda_method(Closure , Object[] )
   在 Autofac.Core.Activators.Reflection.ConstructorParameterBinding.Instantiate()
   --- 内部异常堆栈跟踪的结尾 ---
   在 Autofac.Core.Activators.Reflection.ConstructorParameterBinding.Instantiate()
   在 Autofac.Core.Activators.Reflection.ReflectionActivator.ActivateInstance(IComponentContext context, IEnumerable`1 parameters)
   在 Autofac.Core.Resolving.InstanceLookup.Activate(IEnumerable`1 parameters)
   在 Autofac.Core.Resolving.InstanceLookup.Execute()
   在 Autofac.Core.Resolving.ResolveOperation.GetOrCreateInstance(ISharingLifetimeScope currentOperationScope, IComponentRegistration registration, IEnumerable`1 parameters)
   在 Autofac.Core.Resolving.InstanceLookup.ResolveComponent(IComponentRegistration registration, IEnumerable`1 parameters)
   在 Autofac.Core.Registration.ExternalRegistrySource.<>c__DisplayClass8.<RegistrationsFor>b__3(IComponentContext c, IEnumerable`1 p)
   在 Autofac.Core.Activators.Delegate.DelegateActivator.ActivateInstance(IComponentContext context, IEnumerable`1 parameters)
   在 Autofac.Core.Resolving.InstanceLookup.Activate(IEnumerable`1 parameters)
   在 Autofac.Core.Resolving.InstanceLookup.Execute()
   在 Autofac.Core.Resolving.ResolveOperation.GetOrCreateInstance(ISharingLifetimeScope currentOperationScope, IComponentRegistration registration, IEnumerable`1 parameters)
   在 Autofac.Core.Resolving.InstanceLookup.ResolveComponent(IComponentRegistration registration, IEnumerable`1 parameters)
   在 Autofac.Core.Activators.Reflection.AutowiringParameter.<>c__DisplayClass2.<CanSupplyValue>b__0()
   在 Autofac.Core.Activators.Reflection.ConstructorParameterBinding.Instantiate()
   在 Autofac.Core.Activators.Reflection.ReflectionActivator.ActivateInstance(IComponentContext context, IEnumerable`1 parameters)
   在 Autofac.Core.Resolving.InstanceLookup.Activate(IEnumerable`1 parameters)
   在 Autofac.Core.Resolving.InstanceLookup.Execute()
   在 Autofac.Core.Resolving.ResolveOperation.GetOrCreateInstance(ISharingLifetimeScope currentOperationScope, IComponentRegistration registration, IEnumerable`1 parameters)
   在 Autofac.Core.Resolving.InstanceLookup.ResolveComponent(IComponentRegistration registration, IEnumerable`1 parameters)
   在 Autofac.Core.Registration.ExternalRegistrySource.<>c__DisplayClass8.<RegistrationsFor>b__3(IComponentContext c, IEnumerable`1 p)
   在 Autofac.Core.Activators.Delegate.DelegateActivator.ActivateInstance(IComponentContext context, IEnumerable`1 parameters)
   在 Autofac.Core.Resolving.InstanceLookup.Activate(IEnumerable`1 parameters)
   在 Autofac.Core.Resolving.InstanceLookup.Execute()
   在 Autofac.Core.Resolving.ResolveOperation.GetOrCreateInstance(ISharingLifetimeScope currentOperationScope, IComponentRegistration registration, IEnumerable`1 parameters)
   在 Autofac.Core.Resolving.InstanceLookup.ResolveComponent(IComponentRegistration registration, IEnumerable`1 parameters)
   在 Autofac.Core.Activators.Reflection.AutowiringParameter.<>c__DisplayClass2.<CanSupplyValue>b__0()
   在 Autofac.Core.Activators.Reflection.ConstructorParameterBinding.Instantiate()
   在 Autofac.Core.Activators.Reflection.ReflectionActivator.ActivateInstance(IComponentContext context, IEnumerable`1 parameters)
   在 Autofac.Core.Resolving.InstanceLookup.Activate(IEnumerable`1 parameters)
   在 Autofac.Core.Resolving.InstanceLookup.Execute()
   在 Autofac.Core.Resolving.ResolveOperation.GetOrCreateInstance(ISharingLifetimeScope currentOperationScope, IComponentRegistration registration, IEnumerable`1 parameters)
   在 Autofac.Core.Resolving.InstanceLookup.ResolveComponent(IComponentRegistration registration, IEnumerable`1 parameters)
   在 Autofac.Core.Registration.ExternalRegistrySource.<>c__DisplayClass8.<RegistrationsFor>b__3(IComponentContext c, IEnumerable`1 p)
   在 Autofac.Core.Activators.Delegate.DelegateActivator.ActivateInstance(IComponentContext context, IEnumerable`1 parameters)
   在 Autofac.Core.Resolving.InstanceLookup.Activate(IEnumerable`1 parameters)
   在 Autofac.Core.Resolving.InstanceLookup.Execute()
   在 Autofac.Core.Resolving.ResolveOperation.GetOrCreateInstance(ISharingLifetimeScope currentOperationScope, IComponentRegistration registration, IEnumerable`1 parameters)
   在 Autofac.Core.Resolving.InstanceLookup.ResolveComponent(IComponentRegistration registration, IEnumerable`1 parameters)
   在 Autofac.Core.Activators.Reflection.AutowiringParameter.<>c__DisplayClass2.<CanSupplyValue>b__0()
   在 Autofac.Core.Activators.Reflection.ConstructorParameterBinding.Instantiate()
   在 Autofac.Core.Activators.Reflection.ReflectionActivator.ActivateInstance(IComponentContext context, IEnumerable`1 parameters)
   在 Autofac.Core.Resolving.InstanceLookup.Activate(IEnumerable`1 parameters)
   在 Autofac.Core.Resolving.InstanceLookup.Execute()
   在 Autofac.Core.Resolving.ResolveOperation.GetOrCreateInstance(ISharingLifetimeScope currentOperationScope, IComponentRegistration registration, IEnumerable`1 parameters)
   在 Autofac.Core.Resolving.InstanceLookup.ResolveComponent(IComponentRegistration registration, IEnumerable`1 parameters)
   在 Autofac.Core.Registration.ExternalRegistrySource.<>c__DisplayClass8.<RegistrationsFor>b__3(IComponentContext c, IEnumerable`1 p)
   在 Autofac.Core.Activators.Delegate.DelegateActivator.ActivateInstance(IComponentContext context, IEnumerable`1 parameters)
   在 Autofac.Core.Resolving.InstanceLookup.Activate(IEnumerable`1 parameters)
   在 Autofac.Core.Resolving.InstanceLookup.Execute()
   在 Autofac.Core.Resolving.ResolveOperation.GetOrCreateInstance(ISharingLifetimeScope currentOperationScope, IComponentRegistration registration, IEnumerable`1 parameters)
   在 Autofac.Core.Resolving.InstanceLookup.ResolveComponent(IComponentRegistration registration, IEnumerable`1 parameters)
   在 Autofac.Core.Activators.Reflection.AutowiringParameter.<>c__DisplayClass2.<CanSupplyValue>b__0()
   在 Autofac.Core.Activators.Reflection.ConstructorParameterBinding.Instantiate()
   在 Autofac.Core.Activators.Reflection.ReflectionActivator.ActivateInstance(IComponentContext context, IEnumerable`1 parameters)
   在 Autofac.Core.Resolving.InstanceLookup.Activate(IEnumerable`1 parameters)
   在 Autofac.Core.Resolving.InstanceLookup.Execute()
   在 Autofac.Core.Resolving.ResolveOperation.GetOrCreateInstance(ISharingLifetimeScope currentOperationScope, IComponentRegistration registration, IEnumerable`1 parameters)
   在 Autofac.Core.Resolving.InstanceLookup.ResolveComponent(IComponentRegistration registration, IEnumerable`1 parameters)
   在 Autofac.Core.Registration.ExternalRegistrySource.<>c__DisplayClass8.<RegistrationsFor>b__3(IComponentContext c, IEnumerable`1 p)
   在 Autofac.Core.Activators.Delegate.DelegateActivator.ActivateInstance(IComponentContext context, IEnumerable`1 parameters)
   在 Autofac.Core.Resolving.InstanceLookup.Activate(IEnumerable`1 parameters)
   在 Autofac.Core.Resolving.InstanceLookup.Execute()
   在 Autofac.Core.Resolving.ResolveOperation.GetOrCreateInstance(ISharingLifetimeScope currentOperationScope, IComponentRegistration registration, IEnumerable`1 parameters)
   在 Autofac.Core.Resolving.ResolveOperation.Execute(IComponentRegistration registration, IEnumerable`1 parameters)
   在 Autofac.Core.Lifetime.LifetimeScope.ResolveComponent(IComponentRegistration registration, IEnumerable`1 parameters)
   在 Autofac.ResolutionExtensions.TryResolveService(IComponentContext context, Service service, IEnumerable`1 parameters, Object& instance)
   在 Autofac.ResolutionExtensions.ResolveOptionalService(IComponentContext context, Service service, IEnumerable`1 parameters)
   在 Autofac.ResolutionExtensions.ResolveOptional(IComponentContext context, Type serviceType)
   在 Autofac.Integration.Mvc.AutofacDependencyResolver.GetService(Type serviceType)
   在 System.Web.Mvc.DefaultControllerFactory.DefaultControllerActivator.Create(RequestContext requestContext, Type controllerType)
   --- 内部异常堆栈跟踪的结尾 ---
   在 System.Web.Mvc.DefaultControllerFactory.DefaultControllerActivator.Create(RequestContext requestContext, Type controllerType)
   在 System.Web.Mvc.DefaultControllerFactory.GetControllerInstance(RequestContext requestContext, Type controllerType)
   在 System.Web.Mvc.DefaultControllerFactory.CreateController(RequestContext requestContext, String controllerName)
   在 System.Web.Mvc.MvcHandler.ProcessRequestInit(HttpContextBase httpContext, IController& controller, IControllerFactory& factory)
   在 System.Web.Mvc.MvcHandler.BeginProcessRequest(HttpContextBase httpContext, AsyncCallback callback, Object state)
   在 System.Web.Mvc.MvcHandler.BeginProcessRequest(HttpContext httpContext, AsyncCallback callback, Object state)
   在 System.Web.Mvc.MvcHandler.System.Web.IHttpAsyncHandler.BeginProcessRequest(HttpContext context, AsyncCallback cb, Object extraData)
   在 System.Web.HttpApplication.CallHandlerExecutionStep.System.Web.HttpApplication.IExecutionStep.Execute()
   在 System.Web.HttpApplication.ExecuteStepImpl(IExecutionStep step)
   在 System.Web.HttpApplication.ExecuteStep(IExecutionStep step, Boolean& completedSynchronously)
2019-02-11 16:13:52,434 InfoEarthFrame.Web.Next.MvcApplication [15] ERROR FluentFTP.FtpException: Error while downloading the file from the server. See InnerException for more info. ---> System.Net.Sockets.SocketException: 由于目标计算机积极拒绝，无法连接。 127.0.0.1:21
   在 System.Net.Sockets.Socket.InternalEndConnect(IAsyncResult asyncResult)
   在 System.Net.Sockets.Socket.EndConnect(IAsyncResult asyncResult)
   在 FluentFTP.FtpSocketStream.Connect(String host, Int32 port, FtpIpVersion ipVersions)
   在 FluentFTP.FtpClient.Connect(FtpSocketStream stream)
   在 FluentFTP.FtpClient.Connect()
   在 FluentFTP.FtpClient.Execute(String command)
   在 FluentFTP.FtpClient.SetDataTypeInternal(FtpDataType type)
   在 FluentFTP.FtpClient.SetDataType(FtpDataType type)
   在 FluentFTP.FtpClient.OpenRead(String path, FtpDataType type, Int64 restart, Boolean checkIfFileExists)
   在 FluentFTP.FtpClient.DownloadFileInternal(String remotePath, Stream outStream, IProgress`1 progress)
   --- 内部异常堆栈跟踪的结尾 ---
   在 FluentFTP.FtpClient.DownloadFileInternal(String remotePath, Stream outStream, IProgress`1 progress)
   在 FluentFTP.FtpClient.DownloadFileToFile(String localPath, String remotePath, Boolean overwrite, FtpVerify verifyOptions, IProgress`1 progress)
   在 FluentFTP.FtpClient.DownloadFile(String localPath, String remotePath, Boolean overwrite, FtpVerify verifyOptions, IProgress`1 progress)
   在 InfoEarthFrame.Common.FtpHelper.Get(String localPath, String remotePath) 位置 d:\SVN\SPACEDATA\InfoEarthFrame.Common\FTPHelper.cs:行号 59
   在 InfoEarthFrame.Web.Next.Controllers.BaseController.GetPDFFile(String filePath) 位置 d:\SVN\SPACEDATA\InfoEarthFrame.Web.Next\Controllers\BaseController.cs:行号 86
   在 lambda_method(Closure , ControllerBase , Object[] )
   在 System.Web.Mvc.ActionMethodDispatcher.Execute(ControllerBase controller, Object[] parameters)
   在 System.Web.Mvc.ReflectedActionDescriptor.Execute(ControllerContext controllerContext, IDictionary`2 parameters)
   在 System.Web.Mvc.ControllerActionInvoker.InvokeActionMethod(ControllerContext controllerContext, ActionDescriptor actionDescriptor, IDictionary`2 parameters)
   在 System.Web.Mvc.Async.AsyncControllerActionInvoker.<>c__DisplayClass42.<BeginInvokeSynchronousActionMethod>b__41()
   在 System.Web.Mvc.Async.AsyncResultWrapper.<>c__DisplayClass8`1.<BeginSynchronous>b__7(IAsyncResult _)
   在 System.Web.Mvc.Async.AsyncResultWrapper.WrappedAsyncResult`1.End()
   在 System.Web.Mvc.Async.AsyncControllerActionInvoker.EndInvokeActionMethod(IAsyncResult asyncResult)
   在 System.Web.Mvc.Async.AsyncControllerActionInvoker.<>c__DisplayClass37.<>c__DisplayClass39.<BeginInvokeActionMethodWithFilters>b__33()
   在 System.Web.Mvc.Async.AsyncControllerActionInvoker.<>c__DisplayClass4f.<InvokeActionMethodFilterAsynchronously>b__49()
   在 System.Web.Mvc.Async.AsyncControllerActionInvoker.<>c__DisplayClass37.<BeginInvokeActionMethodWithFilters>b__36(IAsyncResult asyncResult)
   在 System.Web.Mvc.Async.AsyncResultWrapper.WrappedAsyncResult`1.End()
   在 System.Web.Mvc.Async.AsyncControllerActionInvoker.EndInvokeActionMethodWithFilters(IAsyncResult asyncResult)
   在 System.Web.Mvc.Async.AsyncControllerActionInvoker.<>c__DisplayClass25.<>c__DisplayClass2a.<BeginInvokeAction>b__20()
   在 System.Web.Mvc.Async.AsyncControllerActionInvoker.<>c__DisplayClass25.<BeginInvokeAction>b__22(IAsyncResult asyncResult)
   在 System.Web.Mvc.Async.AsyncResultWrapper.WrappedAsyncResult`1.End()
   在 System.Web.Mvc.Async.AsyncControllerActionInvoker.EndInvokeAction(IAsyncResult asyncResult)
   在 System.Web.Mvc.Controller.<>c__DisplayClass1d.<BeginExecuteCore>b__18(IAsyncResult asyncResult)
   在 System.Web.Mvc.Async.AsyncResultWrapper.<>c__DisplayClass4.<MakeVoidDelegate>b__3(IAsyncResult ar)
   在 System.Web.Mvc.Async.AsyncResultWrapper.WrappedAsyncResult`1.End()
   在 System.Web.Mvc.Controller.EndExecuteCore(IAsyncResult asyncResult)
   在 System.Web.Mvc.Async.AsyncResultWrapper.<>c__DisplayClass4.<MakeVoidDelegate>b__3(IAsyncResult ar)
   在 System.Web.Mvc.Async.AsyncResultWrapper.WrappedAsyncResult`1.End()
   在 System.Web.Mvc.Controller.EndExecute(IAsyncResult asyncResult)
   在 System.Web.Mvc.Controller.System.Web.Mvc.Async.IAsyncController.EndExecute(IAsyncResult asyncResult)
   在 System.Web.Mvc.MvcHandler.<>c__DisplayClass8.<BeginProcessRequest>b__3(IAsyncResult asyncResult)
   在 System.Web.Mvc.Async.AsyncResultWrapper.<>c__DisplayClass4.<MakeVoidDelegate>b__3(IAsyncResult ar)
   在 System.Web.Mvc.Async.AsyncResultWrapper.WrappedAsyncResult`1.End()
   在 System.Web.Mvc.MvcHandler.EndProcessRequest(IAsyncResult asyncResult)
   在 System.Web.Mvc.MvcHandler.System.Web.IHttpAsyncHandler.EndProcessRequest(IAsyncResult result)
   在 System.Web.HttpApplication.CallHandlerExecutionStep.System.Web.HttpApplication.IExecutionStep.Execute()
   在 System.Web.HttpApplication.ExecuteStepImpl(IExecutionStep step)
   在 System.Web.HttpApplication.ExecuteStep(IExecutionStep step, Boolean& completedSynchronously)
2019-02-11 16:14:11,161 InfoEarthFrame.Web.Next.MvcApplication [12] ERROR FluentFTP.FtpException: Error while downloading the file from the server. See InnerException for more info. ---> System.Net.Sockets.SocketException: 由于目标计算机积极拒绝，无法连接。 127.0.0.1:21
   在 System.Net.Sockets.Socket.InternalEndConnect(IAsyncResult asyncResult)
   在 System.Net.Sockets.Socket.EndConnect(IAsyncResult asyncResult)
   在 FluentFTP.FtpSocketStream.Connect(String host, Int32 port, FtpIpVersion ipVersions)
   在 FluentFTP.FtpClient.Connect(FtpSocketStream stream)
   在 FluentFTP.FtpClient.Connect()
   在 FluentFTP.FtpClient.Execute(String command)
   在 FluentFTP.FtpClient.SetDataTypeInternal(FtpDataType type)
   在 FluentFTP.FtpClient.SetDataType(FtpDataType type)
   在 FluentFTP.FtpClient.OpenRead(String path, FtpDataType type, Int64 restart, Boolean checkIfFileExists)
   在 FluentFTP.FtpClient.DownloadFileInternal(String remotePath, Stream outStream, IProgress`1 progress)
   --- 内部异常堆栈跟踪的结尾 ---
   在 FluentFTP.FtpClient.DownloadFileInternal(String remotePath, Stream outStream, IProgress`1 progress)
   在 FluentFTP.FtpClient.DownloadFileToFile(String localPath, String remotePath, Boolean overwrite, FtpVerify verifyOptions, IProgress`1 progress)
   在 FluentFTP.FtpClient.DownloadFile(String localPath, String remotePath, Boolean overwrite, FtpVerify verifyOptions, IProgress`1 progress)
   在 InfoEarthFrame.Common.FtpHelper.Get(String localPath, String remotePath) 位置 d:\SVN\SPACEDATA\InfoEarthFrame.Common\FTPHelper.cs:行号 59
   在 InfoEarthFrame.Web.Next.Controllers.BaseController.GetPDFFile(String filePath) 位置 d:\SVN\SPACEDATA\InfoEarthFrame.Web.Next\Controllers\BaseController.cs:行号 86
   在 lambda_method(Closure , ControllerBase , Object[] )
   在 System.Web.Mvc.ActionMethodDispatcher.Execute(ControllerBase controller, Object[] parameters)
   在 System.Web.Mvc.ReflectedActionDescriptor.Execute(ControllerContext controllerContext, IDictionary`2 parameters)
   在 System.Web.Mvc.ControllerActionInvoker.InvokeActionMethod(ControllerContext controllerContext, ActionDescriptor actionDescriptor, IDictionary`2 parameters)
   在 System.Web.Mvc.Async.AsyncControllerActionInvoker.<>c__DisplayClass42.<BeginInvokeSynchronousActionMethod>b__41()
   在 System.Web.Mvc.Async.AsyncResultWrapper.<>c__DisplayClass8`1.<BeginSynchronous>b__7(IAsyncResult _)
   在 System.Web.Mvc.Async.AsyncResultWrapper.WrappedAsyncResult`1.End()
   在 System.Web.Mvc.Async.AsyncControllerActionInvoker.EndInvokeActionMethod(IAsyncResult asyncResult)
   在 System.Web.Mvc.Async.AsyncControllerActionInvoker.<>c__DisplayClass37.<>c__DisplayClass39.<BeginInvokeActionMethodWithFilters>b__33()
   在 System.Web.Mvc.Async.AsyncControllerActionInvoker.<>c__DisplayClass4f.<InvokeActionMethodFilterAsynchronously>b__49()
   在 System.Web.Mvc.Async.AsyncControllerActionInvoker.<>c__DisplayClass37.<BeginInvokeActionMethodWithFilters>b__36(IAsyncResult asyncResult)
   在 System.Web.Mvc.Async.AsyncResultWrapper.WrappedAsyncResult`1.End()
   在 System.Web.Mvc.Async.AsyncControllerActionInvoker.EndInvokeActionMethodWithFilters(IAsyncResult asyncResult)
   在 System.Web.Mvc.Async.AsyncControllerActionInvoker.<>c__DisplayClass25.<>c__DisplayClass2a.<BeginInvokeAction>b__20()
   在 System.Web.Mvc.Async.AsyncControllerActionInvoker.<>c__DisplayClass25.<BeginInvokeAction>b__22(IAsyncResult asyncResult)
   在 System.Web.Mvc.Async.AsyncResultWrapper.WrappedAsyncResult`1.End()
   在 System.Web.Mvc.Async.AsyncControllerActionInvoker.EndInvokeAction(IAsyncResult asyncResult)
   在 System.Web.Mvc.Controller.<>c__DisplayClass1d.<BeginExecuteCore>b__18(IAsyncResult asyncResult)
   在 System.Web.Mvc.Async.AsyncResultWrapper.<>c__DisplayClass4.<MakeVoidDelegate>b__3(IAsyncResult ar)
   在 System.Web.Mvc.Async.AsyncResultWrapper.WrappedAsyncResult`1.End()
   在 System.Web.Mvc.Controller.EndExecuteCore(IAsyncResult asyncResult)
   在 System.Web.Mvc.Async.AsyncResultWrapper.<>c__DisplayClass4.<MakeVoidDelegate>b__3(IAsyncResult ar)
   在 System.Web.Mvc.Async.AsyncResultWrapper.WrappedAsyncResult`1.End()
   在 System.Web.Mvc.Controller.EndExecute(IAsyncResult asyncResult)
   在 System.Web.Mvc.Controller.System.Web.Mvc.Async.IAsyncController.EndExecute(IAsyncResult asyncResult)
   在 System.Web.Mvc.MvcHandler.<>c__DisplayClass8.<BeginProcessRequest>b__3(IAsyncResult asyncResult)
   在 System.Web.Mvc.Async.AsyncResultWrapper.<>c__DisplayClass4.<MakeVoidDelegate>b__3(IAsyncResult ar)
   在 System.Web.Mvc.Async.AsyncResultWrapper.WrappedAsyncResult`1.End()
   在 System.Web.Mvc.MvcHandler.EndProcessRequest(IAsyncResult asyncResult)
   在 System.Web.Mvc.MvcHandler.System.Web.IHttpAsyncHandler.EndProcessRequest(IAsyncResult result)
   在 System.Web.HttpApplication.CallHandlerExecutionStep.System.Web.HttpApplication.IExecutionStep.Execute()
   在 System.Web.HttpApplication.ExecuteStepImpl(IExecutionStep step)
   在 System.Web.HttpApplication.ExecuteStep(IExecutionStep step, Boolean& completedSynchronously)
2019-02-11 17:40:18,104 InfoEarthFrame.Web.Next.MvcApplication [13] ERROR FluentFTP.FtpException: Error while downloading the file from the server. See InnerException for more info. ---> System.Net.Sockets.SocketException: 由于目标计算机积极拒绝，无法连接。 127.0.0.1:21
   在 System.Net.Sockets.Socket.InternalEndConnect(IAsyncResult asyncResult)
   在 System.Net.Sockets.Socket.EndConnect(IAsyncResult asyncResult)
   在 FluentFTP.FtpSocketStream.Connect(String host, Int32 port, FtpIpVersion ipVersions)
   在 FluentFTP.FtpClient.Connect(FtpSocketStream stream)
   在 FluentFTP.FtpClient.Connect()
   在 FluentFTP.FtpClient.Execute(String command)
   在 FluentFTP.FtpClient.SetDataTypeInternal(FtpDataType type)
   在 FluentFTP.FtpClient.SetDataType(FtpDataType type)
   在 FluentFTP.FtpClient.OpenRead(String path, FtpDataType type, Int64 restart, Boolean checkIfFileExists)
   在 FluentFTP.FtpClient.DownloadFileInternal(String remotePath, Stream outStream, IProgress`1 progress)
   --- 内部异常堆栈跟踪的结尾 ---
   在 FluentFTP.FtpClient.DownloadFileInternal(String remotePath, Stream outStream, IProgress`1 progress)
   在 FluentFTP.FtpClient.DownloadFileToFile(String localPath, String remotePath, Boolean overwrite, FtpVerify verifyOptions, IProgress`1 progress)
   在 FluentFTP.FtpClient.DownloadFile(String localPath, String remotePath, Boolean overwrite, FtpVerify verifyOptions, IProgress`1 progress)
   在 InfoEarthFrame.Common.FtpHelper.Get(String localPath, String remotePath) 位置 d:\SVN\SPACEDATA\InfoEarthFrame.Common\FTPHelper.cs:行号 59
   在 InfoEarthFrame.Web.Next.Controllers.BaseController.GetPDFFile(String filePath) 位置 d:\SVN\SPACEDATA\InfoEarthFrame.Web.Next\Controllers\BaseController.cs:行号 86
   在 lambda_method(Closure , ControllerBase , Object[] )
   在 System.Web.Mvc.ActionMethodDispatcher.Execute(ControllerBase controller, Object[] parameters)
   在 System.Web.Mvc.ReflectedActionDescriptor.Execute(ControllerContext controllerContext, IDictionary`2 parameters)
   在 System.Web.Mvc.ControllerActionInvoker.InvokeActionMethod(ControllerContext controllerContext, ActionDescriptor actionDescriptor, IDictionary`2 parameters)
   在 System.Web.Mvc.Async.AsyncControllerActionInvoker.<>c__DisplayClass42.<BeginInvokeSynchronousActionMethod>b__41()
   在 System.Web.Mvc.Async.AsyncResultWrapper.<>c__DisplayClass8`1.<BeginSynchronous>b__7(IAsyncResult _)
   在 System.Web.Mvc.Async.AsyncResultWrapper.WrappedAsyncResult`1.End()
   在 System.Web.Mvc.Async.AsyncControllerActionInvoker.EndInvokeActionMethod(IAsyncResult asyncResult)
   在 System.Web.Mvc.Async.AsyncControllerActionInvoker.<>c__DisplayClass37.<>c__DisplayClass39.<BeginInvokeActionMethodWithFilters>b__33()
   在 System.Web.Mvc.Async.AsyncControllerActionInvoker.<>c__DisplayClass4f.<InvokeActionMethodFilterAsynchronously>b__49()
   在 System.Web.Mvc.Async.AsyncControllerActionInvoker.<>c__DisplayClass37.<BeginInvokeActionMethodWithFilters>b__36(IAsyncResult asyncResult)
   在 System.Web.Mvc.Async.AsyncResultWrapper.WrappedAsyncResult`1.End()
   在 System.Web.Mvc.Async.AsyncControllerActionInvoker.EndInvokeActionMethodWithFilters(IAsyncResult asyncResult)
   在 System.Web.Mvc.Async.AsyncControllerActionInvoker.<>c__DisplayClass25.<>c__DisplayClass2a.<BeginInvokeAction>b__20()
   在 System.Web.Mvc.Async.AsyncControllerActionInvoker.<>c__DisplayClass25.<BeginInvokeAction>b__22(IAsyncResult asyncResult)
   在 System.Web.Mvc.Async.AsyncResultWrapper.WrappedAsyncResult`1.End()
   在 System.Web.Mvc.Async.AsyncControllerActionInvoker.EndInvokeAction(IAsyncResult asyncResult)
   在 System.Web.Mvc.Controller.<>c__DisplayClass1d.<BeginExecuteCore>b__18(IAsyncResult asyncResult)
   在 System.Web.Mvc.Async.AsyncResultWrapper.<>c__DisplayClass4.<MakeVoidDelegate>b__3(IAsyncResult ar)
   在 System.Web.Mvc.Async.AsyncResultWrapper.WrappedAsyncResult`1.End()
   在 System.Web.Mvc.Controller.EndExecuteCore(IAsyncResult asyncResult)
   在 System.Web.Mvc.Async.AsyncResultWrapper.<>c__DisplayClass4.<MakeVoidDelegate>b__3(IAsyncResult ar)
   在 System.Web.Mvc.Async.AsyncResultWrapper.WrappedAsyncResult`1.End()
   在 System.Web.Mvc.Controller.EndExecute(IAsyncResult asyncResult)
   在 System.Web.Mvc.Controller.System.Web.Mvc.Async.IAsyncController.EndExecute(IAsyncResult asyncResult)
   在 System.Web.Mvc.MvcHandler.<>c__DisplayClass8.<BeginProcessRequest>b__3(IAsyncResult asyncResult)
   在 System.Web.Mvc.Async.AsyncResultWrapper.<>c__DisplayClass4.<MakeVoidDelegate>b__3(IAsyncResult ar)
   在 System.Web.Mvc.Async.AsyncResultWrapper.WrappedAsyncResult`1.End()
   在 System.Web.Mvc.MvcHandler.EndProcessRequest(IAsyncResult asyncResult)
   在 System.Web.Mvc.MvcHandler.System.Web.IHttpAsyncHandler.EndProcessRequest(IAsyncResult result)
   在 System.Web.HttpApplication.CallHandlerExecutionStep.System.Web.HttpApplication.IExecutionStep.Execute()
   在 System.Web.HttpApplication.ExecuteStepImpl(IExecutionStep step)
   在 System.Web.HttpApplication.ExecuteStep(IExecutionStep step, Boolean& completedSynchronously)
