2019-02-11 16:12:12,401 InfoEarthFrame.WebApi.Next.Filters.CustomAuthorizeAttribute [12] ERROR System.Net.Sockets.SocketException (0x80004005): 由于目标计算机积极拒绝，无法连接。 127.0.0.1:21
   在 System.Net.Sockets.Socket.InternalEndConnect(IAsyncResult asyncResult)
   在 System.Net.Sockets.Socket.EndConnect(IAsyncResult asyncResult)
   在 FluentFTP.FtpSocketStream.Connect(String host, Int32 port, FtpIpVersion ipVersions)
   在 FluentFTP.FtpClient.Connect(FtpSocketStream stream)
   在 FluentFTP.FtpClient.Connect()
   在 FluentFTP.FtpClient.Execute(String command)
   在 FluentFTP.FtpClient.GetWorkingDirectory()
   在 FluentFTP.FtpClient.DirectoryExists(String path)
   在 FluentFTP.FtpClient.UploadFiles(IEnumerable`1 localPaths, String remoteDir, FtpExists existsMode, Boolean createRemoteDir, FtpVerify verifyOptions, FtpError errorHandling)
   在 FluentFTP.FtpClient.UploadFiles(IEnumerable`1 localFiles, String remoteDir, FtpExists existsMode, Boolean createRemoteDir, FtpVerify verifyOptions, FtpError errorHandling)
   在 InfoEarthFrame.Common.FtpHelper.UploadFiles(IEnumerable`1 localFiles, String remoteDir) 位置 d:\SVN\SPACEDATA\InfoEarthFrame.Common\FTPHelper.cs:行号 85
   在 InfoEarthFrame.DataManage.DTO.UploadFileContext.UploadToFtp() 位置 d:\SVN\SPACEDATA\InfoEarthFrame.Application\DataManage\DTO\UploadFileContext.cs:行号 280
   在 InfoEarthFrame.DataManage.DTO.UploadFileContext.Upload() 位置 d:\SVN\SPACEDATA\InfoEarthFrame.Application\DataManage\DTO\UploadFileContext.cs:行号 258
   在 InfoEarthFrame.Application.DataManageAppService.UploadFile(UploadFileContext context) 位置 d:\SVN\SPACEDATA\InfoEarthFrame.Application\DataManage\DataManageAppService.cs:行号 2107
   在 InfoEarthFrame.WebApi.Next.Controllers.DataManagerController.UploadFile(String mainId, String folderName) 位置 D:\SVN\SPACEDATA\InfoEarthFrame.WebApi.Next\Controllers\DataManagerController.cs:行号 333
   在 lambda_method(Closure , Object , Object[] )
   在 System.Web.Http.Controllers.ReflectedHttpActionDescriptor.ActionExecutor.<>c__DisplayClass10.<GetExecutor>b__9(Object instance, Object[] methodParameters)
   在 System.Web.Http.Controllers.ReflectedHttpActionDescriptor.ActionExecutor.Execute(Object instance, Object[] arguments)
   在 System.Web.Http.Controllers.ReflectedHttpActionDescriptor.ExecuteAsync(HttpControllerContext controllerContext, IDictionary`2 arguments, CancellationToken cancellationToken)
--- 引发异常的上一位置中堆栈跟踪的末尾 ---
   在 System.Runtime.CompilerServices.TaskAwaiter.ThrowForNonSuccess(Task task)
   在 System.Runtime.CompilerServices.TaskAwaiter.HandleNonSuccessAndDebuggerNotification(Task task)
   在 System.Web.Http.Controllers.ApiControllerActionInvoker.<InvokeActionAsyncCore>d__0.MoveNext()
--- 引发异常的上一位置中堆栈跟踪的末尾 ---
   在 System.Runtime.CompilerServices.TaskAwaiter.ThrowForNonSuccess(Task task)
   在 System.Runtime.CompilerServices.TaskAwaiter.HandleNonSuccessAndDebuggerNotification(Task task)
   在 System.Web.Http.Controllers.ActionFilterResult.<ExecuteAsync>d__2.MoveNext()
--- 引发异常的上一位置中堆栈跟踪的末尾 ---
   在 System.Runtime.CompilerServices.TaskAwaiter.ThrowForNonSuccess(Task task)
   在 System.Runtime.CompilerServices.TaskAwaiter.HandleNonSuccessAndDebuggerNotification(Task task)
   在 System.Web.Http.Filters.AuthorizationFilterAttribute.<ExecuteAuthorizationFilterAsyncCore>d__2.MoveNext()
--- 引发异常的上一位置中堆栈跟踪的末尾 ---
   在 System.Runtime.CompilerServices.TaskAwaiter.ThrowForNonSuccess(Task task)
   在 System.Runtime.CompilerServices.TaskAwaiter.HandleNonSuccessAndDebuggerNotification(Task task)
   在 System.Web.Http.Controllers.ExceptionFilterResult.<ExecuteAsync>d__0.MoveNext()
2019-02-11 16:13:28,641 InfoEarthFrame.WebApi.Next.Filters.CustomAuthorizeAttribute [16] ERROR FluentFTP.FtpException: Error while downloading the file from the server. See InnerException for more info. ---> System.Net.Sockets.SocketException: 由于目标计算机积极拒绝，无法连接。 127.0.0.1:21
   在 System.Net.Sockets.Socket.InternalEndConnect(IAsyncResult asyncResult)
   在 System.Net.Sockets.Socket.EndConnect(IAsyncResult asyncResult)
   在 FluentFTP.FtpSocketStream.Connect(String host, Int32 port, FtpIpVersion ipVersions)
   在 FluentFTP.FtpClient.Connect(FtpSocketStream stream)
   在 FluentFTP.FtpClient.Connect()
   在 FluentFTP.FtpClient.Execute(String command)
   在 FluentFTP.FtpClient.SetDataTypeInternal(FtpDataType type)
   在 FluentFTP.FtpClient.SetDataType(FtpDataType type)
   在 FluentFTP.FtpClient.OpenRead(String path, FtpDataType type, Int64 restart, Boolean checkIfFileExists)
   在 FluentFTP.FtpClient.DownloadFileInternal(String remotePath, Stream outStream, IProgress`1 progress)
   --- 内部异常堆栈跟踪的结尾 ---
   在 FluentFTP.FtpClient.DownloadFileInternal(String remotePath, Stream outStream, IProgress`1 progress)
   在 FluentFTP.FtpClient.DownloadFileToFile(String localPath, String remotePath, Boolean overwrite, FtpVerify verifyOptions, IProgress`1 progress)
   在 FluentFTP.FtpClient.DownloadFile(String localPath, String remotePath, Boolean overwrite, FtpVerify verifyOptions, IProgress`1 progress)
   在 InfoEarthFrame.Common.FtpHelper.Get(String localPath, String remotePath) 位置 d:\SVN\SPACEDATA\InfoEarthFrame.Common\FTPHelper.cs:行号 59
   在 InfoEarthFrame.Common.Metadata.GetInstance(String mainId, String folderName, String ftpPath) 位置 d:\SVN\SPACEDATA\InfoEarthFrame.Common\MetaDataFileXml\Metadata.cs:行号 67
   在 InfoEarthFrame.Application.DataManageAppService.GetMetaData(String mainId, String folderName) 位置 d:\SVN\SPACEDATA\InfoEarthFrame.Application\DataManage\DataManageAppService.cs:行号 2184
   在 InfoEarthFrame.WebApi.Next.Controllers.DataManagerController.GetMetaData(String mainId, String folderName) 位置 D:\SVN\SPACEDATA\InfoEarthFrame.WebApi.Next\Controllers\DataManagerController.cs:行号 383
   在 lambda_method(Closure , Object , Object[] )
   在 System.Web.Http.Controllers.ReflectedHttpActionDescriptor.ActionExecutor.<>c__DisplayClass10.<GetExecutor>b__9(Object instance, Object[] methodParameters)
   在 System.Web.Http.Controllers.ReflectedHttpActionDescriptor.ActionExecutor.Execute(Object instance, Object[] arguments)
   在 System.Web.Http.Controllers.ReflectedHttpActionDescriptor.ExecuteAsync(HttpControllerContext controllerContext, IDictionary`2 arguments, CancellationToken cancellationToken)
--- 引发异常的上一位置中堆栈跟踪的末尾 ---
   在 System.Runtime.CompilerServices.TaskAwaiter.ThrowForNonSuccess(Task task)
   在 System.Runtime.CompilerServices.TaskAwaiter.HandleNonSuccessAndDebuggerNotification(Task task)
   在 System.Web.Http.Controllers.ApiControllerActionInvoker.<InvokeActionAsyncCore>d__0.MoveNext()
--- 引发异常的上一位置中堆栈跟踪的末尾 ---
   在 System.Runtime.CompilerServices.TaskAwaiter.ThrowForNonSuccess(Task task)
   在 System.Runtime.CompilerServices.TaskAwaiter.HandleNonSuccessAndDebuggerNotification(Task task)
   在 System.Web.Http.Controllers.ActionFilterResult.<ExecuteAsync>d__2.MoveNext()
--- 引发异常的上一位置中堆栈跟踪的末尾 ---
   在 System.Runtime.CompilerServices.TaskAwaiter.ThrowForNonSuccess(Task task)
   在 System.Runtime.CompilerServices.TaskAwaiter.HandleNonSuccessAndDebuggerNotification(Task task)
   在 System.Web.Http.Filters.AuthorizationFilterAttribute.<ExecuteAuthorizationFilterAsyncCore>d__2.MoveNext()
--- 引发异常的上一位置中堆栈跟踪的末尾 ---
   在 System.Runtime.CompilerServices.TaskAwaiter.ThrowForNonSuccess(Task task)
   在 System.Runtime.CompilerServices.TaskAwaiter.HandleNonSuccessAndDebuggerNotification(Task task)
   在 System.Web.Http.Controllers.ExceptionFilterResult.<ExecuteAsync>d__0.MoveNext()
2019-02-11 16:13:38,746 InfoEarthFrame.WebApi.Next.Filters.CustomAuthorizeAttribute [12] ERROR System.IO.DirectoryNotFoundException: 未能找到路径“D:\WebSite\00地质图系\FTPFile\Package\786329ae-4be8-404a-879b-28c41308e41c\DotNetZip-tlldtzpc.tmp”的一部分。
   在 System.IO.__Error.WinIOError(Int32 errorCode, String maybeFullPath)
   在 System.IO.FileStream.Init(String path, FileMode mode, FileAccess access, Int32 rights, Boolean useRights, FileShare share, Int32 bufferSize, FileOptions options, SECURITY_ATTRIBUTES secAttrs, String msgPath, Boolean bFromProxy, Boolean useLongPath, Boolean checkHost)
   在 System.IO.FileStream..ctor(String path, FileMode mode, FileAccess access, FileShare share, Int32 bufferSize, FileOptions options, String msgPath, Boolean bFromProxy)
   在 System.IO.FileStream..ctor(String path, FileMode mode)
   在 Ionic.Zip.SharedUtilities.CreateAndOpenUniqueTempFile(String dir, Stream& fs, String& filename)
   在 Ionic.Zip.ZipFile.get_WriteStream()
   在 Ionic.Zip.ZipFile.Save()
   在 InfoEarthFrame.Common.RarOrZipUtil.Compress(IEnumerable`1 sourceFilesPaths, String compressFileSavePath) 位置 d:\SVN\SPACEDATA\InfoEarthFrame.Common\RarOrZipUtil.cs:行号 63
   在 InfoEarthFrame.WebApi.Next.Controllers.DownloadController.GetItems(String mainId, IEnumerable`1 files, Ftp ftp) 位置 D:\SVN\SPACEDATA\InfoEarthFrame.WebApi.Next\Controllers\DownloadController.cs:行号 81
   在 InfoEarthFrame.WebApi.Next.Controllers.DownloadController.Getlayers(String mainId) 位置 D:\SVN\SPACEDATA\InfoEarthFrame.WebApi.Next\Controllers\DownloadController.cs:行号 48
   在 lambda_method(Closure , Object , Object[] )
   在 System.Web.Http.Controllers.ReflectedHttpActionDescriptor.ActionExecutor.<>c__DisplayClass10.<GetExecutor>b__9(Object instance, Object[] methodParameters)
   在 System.Web.Http.Controllers.ReflectedHttpActionDescriptor.ActionExecutor.Execute(Object instance, Object[] arguments)
   在 System.Web.Http.Controllers.ReflectedHttpActionDescriptor.ExecuteAsync(HttpControllerContext controllerContext, IDictionary`2 arguments, CancellationToken cancellationToken)
--- 引发异常的上一位置中堆栈跟踪的末尾 ---
   在 System.Runtime.CompilerServices.TaskAwaiter.ThrowForNonSuccess(Task task)
   在 System.Runtime.CompilerServices.TaskAwaiter.HandleNonSuccessAndDebuggerNotification(Task task)
   在 System.Web.Http.Controllers.ApiControllerActionInvoker.<InvokeActionAsyncCore>d__0.MoveNext()
--- 引发异常的上一位置中堆栈跟踪的末尾 ---
   在 System.Runtime.CompilerServices.TaskAwaiter.ThrowForNonSuccess(Task task)
   在 System.Runtime.CompilerServices.TaskAwaiter.HandleNonSuccessAndDebuggerNotification(Task task)
   在 System.Web.Http.Controllers.ActionFilterResult.<ExecuteAsync>d__2.MoveNext()
--- 引发异常的上一位置中堆栈跟踪的末尾 ---
   在 System.Runtime.CompilerServices.TaskAwaiter.ThrowForNonSuccess(Task task)
   在 System.Runtime.CompilerServices.TaskAwaiter.HandleNonSuccessAndDebuggerNotification(Task task)
   在 System.Web.Http.Filters.AuthorizationFilterAttribute.<ExecuteAuthorizationFilterAsyncCore>d__2.MoveNext()
--- 引发异常的上一位置中堆栈跟踪的末尾 ---
   在 System.Runtime.CompilerServices.TaskAwaiter.ThrowForNonSuccess(Task task)
   在 System.Runtime.CompilerServices.TaskAwaiter.HandleNonSuccessAndDebuggerNotification(Task task)
   在 System.Web.Http.Controllers.ExceptionFilterResult.<ExecuteAsync>d__0.MoveNext()
2019-02-11 16:13:47,184 InfoEarthFrame.WebApi.Next.Filters.CustomAuthorizeAttribute [22] ERROR System.IO.DirectoryNotFoundException: 未能找到路径“D:\WebSite\00地质图系\FTPFile\Package\786329ae-4be8-404a-879b-28c41308e41c\DotNetZip-1jrpwgdt.tmp”的一部分。
   在 System.IO.__Error.WinIOError(Int32 errorCode, String maybeFullPath)
   在 System.IO.FileStream.Init(String path, FileMode mode, FileAccess access, Int32 rights, Boolean useRights, FileShare share, Int32 bufferSize, FileOptions options, SECURITY_ATTRIBUTES secAttrs, String msgPath, Boolean bFromProxy, Boolean useLongPath, Boolean checkHost)
   在 System.IO.FileStream..ctor(String path, FileMode mode, FileAccess access, FileShare share, Int32 bufferSize, FileOptions options, String msgPath, Boolean bFromProxy)
   在 System.IO.FileStream..ctor(String path, FileMode mode)
   在 Ionic.Zip.SharedUtilities.CreateAndOpenUniqueTempFile(String dir, Stream& fs, String& filename)
   在 Ionic.Zip.ZipFile.get_WriteStream()
   在 Ionic.Zip.ZipFile.Save()
   在 InfoEarthFrame.Common.RarOrZipUtil.Compress(IEnumerable`1 sourceFilesPaths, String compressFileSavePath) 位置 d:\SVN\SPACEDATA\InfoEarthFrame.Common\RarOrZipUtil.cs:行号 63
   在 InfoEarthFrame.WebApi.Next.Controllers.DownloadController.GetItems(String mainId, IEnumerable`1 files, Ftp ftp) 位置 D:\SVN\SPACEDATA\InfoEarthFrame.WebApi.Next\Controllers\DownloadController.cs:行号 81
   在 InfoEarthFrame.WebApi.Next.Controllers.DownloadController.GetResultMap(String mainId) 位置 D:\SVN\SPACEDATA\InfoEarthFrame.WebApi.Next\Controllers\DownloadController.cs:行号 66
   在 lambda_method(Closure , Object , Object[] )
   在 System.Web.Http.Controllers.ReflectedHttpActionDescriptor.ActionExecutor.<>c__DisplayClass10.<GetExecutor>b__9(Object instance, Object[] methodParameters)
   在 System.Web.Http.Controllers.ReflectedHttpActionDescriptor.ActionExecutor.Execute(Object instance, Object[] arguments)
   在 System.Web.Http.Controllers.ReflectedHttpActionDescriptor.ExecuteAsync(HttpControllerContext controllerContext, IDictionary`2 arguments, CancellationToken cancellationToken)
--- 引发异常的上一位置中堆栈跟踪的末尾 ---
   在 System.Runtime.CompilerServices.TaskAwaiter.ThrowForNonSuccess(Task task)
   在 System.Runtime.CompilerServices.TaskAwaiter.HandleNonSuccessAndDebuggerNotification(Task task)
   在 System.Web.Http.Controllers.ApiControllerActionInvoker.<InvokeActionAsyncCore>d__0.MoveNext()
--- 引发异常的上一位置中堆栈跟踪的末尾 ---
   在 System.Runtime.CompilerServices.TaskAwaiter.ThrowForNonSuccess(Task task)
   在 System.Runtime.CompilerServices.TaskAwaiter.HandleNonSuccessAndDebuggerNotification(Task task)
   在 System.Web.Http.Controllers.ActionFilterResult.<ExecuteAsync>d__2.MoveNext()
--- 引发异常的上一位置中堆栈跟踪的末尾 ---
   在 System.Runtime.CompilerServices.TaskAwaiter.ThrowForNonSuccess(Task task)
   在 System.Runtime.CompilerServices.TaskAwaiter.HandleNonSuccessAndDebuggerNotification(Task task)
   在 System.Web.Http.Filters.AuthorizationFilterAttribute.<ExecuteAuthorizationFilterAsyncCore>d__2.MoveNext()
--- 引发异常的上一位置中堆栈跟踪的末尾 ---
   在 System.Runtime.CompilerServices.TaskAwaiter.ThrowForNonSuccess(Task task)
   在 System.Runtime.CompilerServices.TaskAwaiter.HandleNonSuccessAndDebuggerNotification(Task task)
   在 System.Web.Http.Controllers.ExceptionFilterResult.<ExecuteAsync>d__0.MoveNext()
