2019-03-04 15:21:45,938 InfoEarthFrame.WebApi.Next.Filters.CustomAuthorizeAttribute [11] ERROR System.NullReferenceException: 未将对象引用设置到对象的实例。
   在 InfoEarthFrame.Common.ModuleConfig.InsertAndUpdateParentMenuPermession(IList`1 modules, String menuId, String parentId, String currentPath, String Name, String MenuValue, String OperatingState, List`1 SelectValueList) 位置 d:\SVN\SPACEDATA\InfoEarthFrame.Common\config\ConfigContext.cs:行号 689
   在 InfoEarthFrame.Common.ModuleConfig.UpdateMenuOperate(String menuId, String parentId, String currentPath, String Name, String MenuValue, String OperatingState, List`1 SelectValueList) 位置 d:\SVN\SPACEDATA\InfoEarthFrame.Common\config\ConfigContext.cs:行号 532
   在 InfoEarthFrame.Application.UsersRightAppService.AddOrEditMenu(SetMenuRightPreamInput model) 位置 d:\SVN\SPACEDATA\InfoEarthFrame.Application\UsersRight\UsersRightAppService.cs:行号 832
   在 InfoEarthFrame.WebApi.Next.Controllers.SystemManageController.AddOrEditMenu(SetMenuRightPreamInput model) 位置 D:\SVN\SPACEDATA\InfoEarthFrame.WebApi.Next\Controllers\SystemManageController.cs:行号 882
   在 lambda_method(Closure , Object , Object[] )
   在 System.Web.Http.Controllers.ReflectedHttpActionDescriptor.ActionExecutor.<>c__DisplayClass10.<GetExecutor>b__9(Object instance, Object[] methodParameters)
   在 System.Web.Http.Controllers.ReflectedHttpActionDescriptor.ActionExecutor.Execute(Object instance, Object[] arguments)
   在 System.Web.Http.Controllers.ReflectedHttpActionDescriptor.ExecuteAsync(HttpControllerContext controllerContext, IDictionary`2 arguments, CancellationToken cancellationToken)
--- 引发异常的上一位置中堆栈跟踪的末尾 ---
   在 System.Runtime.CompilerServices.TaskAwaiter.ThrowForNonSuccess(Task task)
   在 System.Runtime.CompilerServices.TaskAwaiter.HandleNonSuccessAndDebuggerNotification(Task task)
   在 System.Web.Http.Controllers.ApiControllerActionInvoker.<InvokeActionAsyncCore>d__0.MoveNext()
--- 引发异常的上一位置中堆栈跟踪的末尾 ---
   在 System.Runtime.CompilerServices.TaskAwaiter.ThrowForNonSuccess(Task task)
   在 System.Runtime.CompilerServices.TaskAwaiter.HandleNonSuccessAndDebuggerNotification(Task task)
   在 System.Web.Http.Controllers.ActionFilterResult.<ExecuteAsync>d__2.MoveNext()
--- 引发异常的上一位置中堆栈跟踪的末尾 ---
   在 System.Runtime.CompilerServices.TaskAwaiter.ThrowForNonSuccess(Task task)
   在 System.Runtime.CompilerServices.TaskAwaiter.HandleNonSuccessAndDebuggerNotification(Task task)
   在 System.Web.Http.Filters.AuthorizationFilterAttribute.<ExecuteAuthorizationFilterAsyncCore>d__2.MoveNext()
--- 引发异常的上一位置中堆栈跟踪的末尾 ---
   在 System.Runtime.CompilerServices.TaskAwaiter.ThrowForNonSuccess(Task task)
   在 System.Runtime.CompilerServices.TaskAwaiter.HandleNonSuccessAndDebuggerNotification(Task task)
   在 System.Web.Http.Controllers.ExceptionFilterResult.<ExecuteAsync>d__0.MoveNext()
2019-03-04 15:22:36,054 InfoEarthFrame.WebApi.Next.Filters.CustomAuthorizeAttribute [5] ERROR System.NullReferenceException: 未将对象引用设置到对象的实例。
   在 InfoEarthFrame.Common.ModuleConfig.InsertAndUpdateParentMenuPermession(IList`1 modules, String menuId, String parentId, String currentPath, String Name, String MenuValue, String OperatingState, List`1 SelectValueList) 位置 d:\SVN\SPACEDATA\InfoEarthFrame.Common\config\ConfigContext.cs:行号 689
   在 InfoEarthFrame.Common.ModuleConfig.UpdateMenuOperate(String menuId, String parentId, String currentPath, String Name, String MenuValue, String OperatingState, List`1 SelectValueList) 位置 d:\SVN\SPACEDATA\InfoEarthFrame.Common\config\ConfigContext.cs:行号 532
   在 InfoEarthFrame.Application.UsersRightAppService.AddOrEditMenu(SetMenuRightPreamInput model) 位置 d:\SVN\SPACEDATA\InfoEarthFrame.Application\UsersRight\UsersRightAppService.cs:行号 832
   在 InfoEarthFrame.WebApi.Next.Controllers.SystemManageController.AddOrEditMenu(SetMenuRightPreamInput model) 位置 D:\SVN\SPACEDATA\InfoEarthFrame.WebApi.Next\Controllers\SystemManageController.cs:行号 882
   在 lambda_method(Closure , Object , Object[] )
   在 System.Web.Http.Controllers.ReflectedHttpActionDescriptor.ActionExecutor.<>c__DisplayClass10.<GetExecutor>b__9(Object instance, Object[] methodParameters)
   在 System.Web.Http.Controllers.ReflectedHttpActionDescriptor.ActionExecutor.Execute(Object instance, Object[] arguments)
   在 System.Web.Http.Controllers.ReflectedHttpActionDescriptor.ExecuteAsync(HttpControllerContext controllerContext, IDictionary`2 arguments, CancellationToken cancellationToken)
--- 引发异常的上一位置中堆栈跟踪的末尾 ---
   在 System.Runtime.CompilerServices.TaskAwaiter.ThrowForNonSuccess(Task task)
   在 System.Runtime.CompilerServices.TaskAwaiter.HandleNonSuccessAndDebuggerNotification(Task task)
   在 System.Web.Http.Controllers.ApiControllerActionInvoker.<InvokeActionAsyncCore>d__0.MoveNext()
--- 引发异常的上一位置中堆栈跟踪的末尾 ---
   在 System.Runtime.CompilerServices.TaskAwaiter.ThrowForNonSuccess(Task task)
   在 System.Runtime.CompilerServices.TaskAwaiter.HandleNonSuccessAndDebuggerNotification(Task task)
   在 System.Web.Http.Controllers.ActionFilterResult.<ExecuteAsync>d__2.MoveNext()
--- 引发异常的上一位置中堆栈跟踪的末尾 ---
   在 System.Runtime.CompilerServices.TaskAwaiter.ThrowForNonSuccess(Task task)
   在 System.Runtime.CompilerServices.TaskAwaiter.HandleNonSuccessAndDebuggerNotification(Task task)
   在 System.Web.Http.Filters.AuthorizationFilterAttribute.<ExecuteAuthorizationFilterAsyncCore>d__2.MoveNext()
--- 引发异常的上一位置中堆栈跟踪的末尾 ---
   在 System.Runtime.CompilerServices.TaskAwaiter.ThrowForNonSuccess(Task task)
   在 System.Runtime.CompilerServices.TaskAwaiter.HandleNonSuccessAndDebuggerNotification(Task task)
   在 System.Web.Http.Controllers.ExceptionFilterResult.<ExecuteAsync>d__0.MoveNext()
