2019-01-29 11:17:38,872 InfoEarthFrame.Web.Next.MvcApplication [7] ERROR System.Web.HttpException (0x80004005): 在控制器“InfoEarthFrame.Web.Next.Controllers.PublishSystemController”上未找到公共操作方法“basicInfo”。
   在 System.Web.Mvc.Controller.HandleUnknownAction(String actionName)
   在 System.Web.Mvc.Controller.<>c__DisplayClass1d.<BeginExecuteCore>b__18(IAsyncResult asyncResult)
   在 System.Web.Mvc.Async.AsyncResultWrapper.<>c__DisplayClass4.<MakeVoidDelegate>b__3(IAsyncResult ar)
   在 System.Web.Mvc.Async.AsyncResultWrapper.WrappedAsyncResult`1.End()
   在 System.Web.Mvc.Controller.EndExecuteCore(IAsyncResult asyncResult)
   在 System.Web.Mvc.Async.AsyncResultWrapper.<>c__DisplayClass4.<MakeVoidDelegate>b__3(IAsyncResult ar)
   在 System.Web.Mvc.Async.AsyncResultWrapper.WrappedAsyncResult`1.End()
   在 System.Web.Mvc.Controller.EndExecute(IAsyncResult asyncResult)
   在 System.Web.Mvc.Controller.System.Web.Mvc.Async.IAsyncController.EndExecute(IAsyncResult asyncResult)
   在 System.Web.Mvc.MvcHandler.<>c__DisplayClass8.<BeginProcessRequest>b__3(IAsyncResult asyncResult)
   在 System.Web.Mvc.Async.AsyncResultWrapper.<>c__DisplayClass4.<MakeVoidDelegate>b__3(IAsyncResult ar)
   在 System.Web.Mvc.Async.AsyncResultWrapper.WrappedAsyncResult`1.End()
   在 System.Web.Mvc.MvcHandler.EndProcessRequest(IAsyncResult asyncResult)
   在 System.Web.Mvc.MvcHandler.System.Web.IHttpAsyncHandler.EndProcessRequest(IAsyncResult result)
   在 System.Web.HttpApplication.CallHandlerExecutionStep.System.Web.HttpApplication.IExecutionStep.Execute()
   在 System.Web.HttpApplication.ExecuteStepImpl(IExecutionStep step)
   在 System.Web.HttpApplication.ExecuteStep(IExecutionStep step, Boolean& completedSynchronously)
2019-01-29 11:35:53,747 InfoEarthFrame.Web.Next.MvcApplication [24] ERROR System.Web.HttpException (0x80004005): 未找到路径“/layerManager”的控制器或该控制器未实现 IController。
   在 System.Web.Mvc.DefaultControllerFactory.GetControllerInstance(RequestContext requestContext, Type controllerType)
   在 System.Web.Mvc.DefaultControllerFactory.CreateController(RequestContext requestContext, String controllerName)
   在 System.Web.Mvc.MvcHandler.ProcessRequestInit(HttpContextBase httpContext, IController& controller, IControllerFactory& factory)
   在 System.Web.Mvc.MvcHandler.BeginProcessRequest(HttpContextBase httpContext, AsyncCallback callback, Object state)
   在 System.Web.Mvc.MvcHandler.BeginProcessRequest(HttpContext httpContext, AsyncCallback callback, Object state)
   在 System.Web.Mvc.MvcHandler.System.Web.IHttpAsyncHandler.BeginProcessRequest(HttpContext context, AsyncCallback cb, Object extraData)
   在 System.Web.HttpApplication.CallHandlerExecutionStep.System.Web.HttpApplication.IExecutionStep.Execute()
   在 System.Web.HttpApplication.ExecuteStepImpl(IExecutionStep step)
   在 System.Web.HttpApplication.ExecuteStep(IExecutionStep step, Boolean& completedSynchronously)
2019-01-29 12:01:38,873 InfoEarthFrame.Web.Next.MvcApplication [26] ERROR System.Web.HttpException (0x80004005): 在控制器“InfoEarthFrame.Web.Next.Controllers.SystemManageController”上未找到公共操作方法“config”。
   在 System.Web.Mvc.Controller.HandleUnknownAction(String actionName)
   在 System.Web.Mvc.Controller.<>c__DisplayClass1d.<BeginExecuteCore>b__18(IAsyncResult asyncResult)
   在 System.Web.Mvc.Async.AsyncResultWrapper.<>c__DisplayClass4.<MakeVoidDelegate>b__3(IAsyncResult ar)
   在 System.Web.Mvc.Async.AsyncResultWrapper.WrappedAsyncResult`1.End()
   在 System.Web.Mvc.Controller.EndExecuteCore(IAsyncResult asyncResult)
   在 System.Web.Mvc.Async.AsyncResultWrapper.<>c__DisplayClass4.<MakeVoidDelegate>b__3(IAsyncResult ar)
   在 System.Web.Mvc.Async.AsyncResultWrapper.WrappedAsyncResult`1.End()
   在 System.Web.Mvc.Controller.EndExecute(IAsyncResult asyncResult)
   在 System.Web.Mvc.Controller.System.Web.Mvc.Async.IAsyncController.EndExecute(IAsyncResult asyncResult)
   在 System.Web.Mvc.MvcHandler.<>c__DisplayClass8.<BeginProcessRequest>b__3(IAsyncResult asyncResult)
   在 System.Web.Mvc.Async.AsyncResultWrapper.<>c__DisplayClass4.<MakeVoidDelegate>b__3(IAsyncResult ar)
   在 System.Web.Mvc.Async.AsyncResultWrapper.WrappedAsyncResult`1.End()
   在 System.Web.Mvc.MvcHandler.EndProcessRequest(IAsyncResult asyncResult)
   在 System.Web.Mvc.MvcHandler.System.Web.IHttpAsyncHandler.EndProcessRequest(IAsyncResult result)
   在 System.Web.HttpApplication.CallHandlerExecutionStep.System.Web.HttpApplication.IExecutionStep.Execute()
   在 System.Web.HttpApplication.ExecuteStepImpl(IExecutionStep step)
   在 System.Web.HttpApplication.ExecuteStep(IExecutionStep step, Boolean& completedSynchronously)
2019-01-29 12:08:59,077 InfoEarthFrame.Web.Next.MvcApplication [32] ERROR System.Web.HttpException (0x80004005): 未找到路径“/styleManager”的控制器或该控制器未实现 IController。
   在 System.Web.Mvc.DefaultControllerFactory.GetControllerInstance(RequestContext requestContext, Type controllerType)
   在 System.Web.Mvc.DefaultControllerFactory.CreateController(RequestContext requestContext, String controllerName)
   在 System.Web.Mvc.MvcHandler.ProcessRequestInit(HttpContextBase httpContext, IController& controller, IControllerFactory& factory)
   在 System.Web.Mvc.MvcHandler.BeginProcessRequest(HttpContextBase httpContext, AsyncCallback callback, Object state)
   在 System.Web.Mvc.MvcHandler.BeginProcessRequest(HttpContext httpContext, AsyncCallback callback, Object state)
   在 System.Web.Mvc.MvcHandler.System.Web.IHttpAsyncHandler.BeginProcessRequest(HttpContext context, AsyncCallback cb, Object extraData)
   在 System.Web.HttpApplication.CallHandlerExecutionStep.System.Web.HttpApplication.IExecutionStep.Execute()
   在 System.Web.HttpApplication.ExecuteStepImpl(IExecutionStep step)
   在 System.Web.HttpApplication.ExecuteStep(IExecutionStep step, Boolean& completedSynchronously)
2019-01-29 14:26:21,611 InfoEarthFrame.Web.Next.MvcApplication [33] ERROR System.Web.HttpException (0x80004005): 在控制器“InfoEarthFrame.Web.Next.Controllers.SystemManageController”上未找到公共操作方法“config”。
   在 System.Web.Mvc.Controller.HandleUnknownAction(String actionName)
   在 System.Web.Mvc.Controller.<>c__DisplayClass1d.<BeginExecuteCore>b__18(IAsyncResult asyncResult)
   在 System.Web.Mvc.Async.AsyncResultWrapper.<>c__DisplayClass4.<MakeVoidDelegate>b__3(IAsyncResult ar)
   在 System.Web.Mvc.Async.AsyncResultWrapper.WrappedAsyncResult`1.End()
   在 System.Web.Mvc.Controller.EndExecuteCore(IAsyncResult asyncResult)
   在 System.Web.Mvc.Async.AsyncResultWrapper.<>c__DisplayClass4.<MakeVoidDelegate>b__3(IAsyncResult ar)
   在 System.Web.Mvc.Async.AsyncResultWrapper.WrappedAsyncResult`1.End()
   在 System.Web.Mvc.Controller.EndExecute(IAsyncResult asyncResult)
   在 System.Web.Mvc.Controller.System.Web.Mvc.Async.IAsyncController.EndExecute(IAsyncResult asyncResult)
   在 System.Web.Mvc.MvcHandler.<>c__DisplayClass8.<BeginProcessRequest>b__3(IAsyncResult asyncResult)
   在 System.Web.Mvc.Async.AsyncResultWrapper.<>c__DisplayClass4.<MakeVoidDelegate>b__3(IAsyncResult ar)
   在 System.Web.Mvc.Async.AsyncResultWrapper.WrappedAsyncResult`1.End()
   在 System.Web.Mvc.MvcHandler.EndProcessRequest(IAsyncResult asyncResult)
   在 System.Web.Mvc.MvcHandler.System.Web.IHttpAsyncHandler.EndProcessRequest(IAsyncResult result)
   在 System.Web.HttpApplication.CallHandlerExecutionStep.System.Web.HttpApplication.IExecutionStep.Execute()
   在 System.Web.HttpApplication.ExecuteStepImpl(IExecutionStep step)
   在 System.Web.HttpApplication.ExecuteStep(IExecutionStep step, Boolean& completedSynchronously)
2019-01-29 15:02:27,171 InfoEarthFrame.Web.Next.MvcApplication [7] ERROR System.Web.HttpException (0x80004005): 在控制器“InfoEarthFrame.Web.Next.Controllers.SystemManageController”上未找到公共操作方法“userbaseinfo”。
   在 System.Web.Mvc.Controller.HandleUnknownAction(String actionName)
   在 System.Web.Mvc.Controller.<>c__DisplayClass1d.<BeginExecuteCore>b__18(IAsyncResult asyncResult)
   在 System.Web.Mvc.Async.AsyncResultWrapper.<>c__DisplayClass4.<MakeVoidDelegate>b__3(IAsyncResult ar)
   在 System.Web.Mvc.Async.AsyncResultWrapper.WrappedAsyncResult`1.End()
   在 System.Web.Mvc.Controller.EndExecuteCore(IAsyncResult asyncResult)
   在 System.Web.Mvc.Async.AsyncResultWrapper.<>c__DisplayClass4.<MakeVoidDelegate>b__3(IAsyncResult ar)
   在 System.Web.Mvc.Async.AsyncResultWrapper.WrappedAsyncResult`1.End()
   在 System.Web.Mvc.Controller.EndExecute(IAsyncResult asyncResult)
   在 System.Web.Mvc.Controller.System.Web.Mvc.Async.IAsyncController.EndExecute(IAsyncResult asyncResult)
   在 System.Web.Mvc.MvcHandler.<>c__DisplayClass8.<BeginProcessRequest>b__3(IAsyncResult asyncResult)
   在 System.Web.Mvc.Async.AsyncResultWrapper.<>c__DisplayClass4.<MakeVoidDelegate>b__3(IAsyncResult ar)
   在 System.Web.Mvc.Async.AsyncResultWrapper.WrappedAsyncResult`1.End()
   在 System.Web.Mvc.MvcHandler.EndProcessRequest(IAsyncResult asyncResult)
   在 System.Web.Mvc.MvcHandler.System.Web.IHttpAsyncHandler.EndProcessRequest(IAsyncResult result)
   在 System.Web.HttpApplication.CallHandlerExecutionStep.System.Web.HttpApplication.IExecutionStep.Execute()
   在 System.Web.HttpApplication.ExecuteStepImpl(IExecutionStep step)
   在 System.Web.HttpApplication.ExecuteStep(IExecutionStep step, Boolean& completedSynchronously)
2019-01-29 15:02:53,954 InfoEarthFrame.Web.Next.MvcApplication [7] ERROR System.Web.HttpException (0x80004005): 未找到路径“/layerManager”的控制器或该控制器未实现 IController。
   在 System.Web.Mvc.DefaultControllerFactory.GetControllerInstance(RequestContext requestContext, Type controllerType)
   在 System.Web.Mvc.DefaultControllerFactory.CreateController(RequestContext requestContext, String controllerName)
   在 System.Web.Mvc.MvcHandler.ProcessRequestInit(HttpContextBase httpContext, IController& controller, IControllerFactory& factory)
   在 System.Web.Mvc.MvcHandler.BeginProcessRequest(HttpContextBase httpContext, AsyncCallback callback, Object state)
   在 System.Web.Mvc.MvcHandler.BeginProcessRequest(HttpContext httpContext, AsyncCallback callback, Object state)
   在 System.Web.Mvc.MvcHandler.System.Web.IHttpAsyncHandler.BeginProcessRequest(HttpContext context, AsyncCallback cb, Object extraData)
   在 System.Web.HttpApplication.CallHandlerExecutionStep.System.Web.HttpApplication.IExecutionStep.Execute()
   在 System.Web.HttpApplication.ExecuteStepImpl(IExecutionStep step)
   在 System.Web.HttpApplication.ExecuteStep(IExecutionStep step, Boolean& completedSynchronously)
2019-01-29 17:57:27,963 InfoEarthFrame.Web.Next.MvcApplication [30] ERROR System.Web.HttpException (0x80004005): 以下各节已定义，但尚未为布局页“~/Views/Shared/_CommonEditor.cshtml”呈现:“contentMenu”。
   在 System.Web.WebPages.WebPageBase.VerifyRenderedBodyOrSections()
   在 System.Web.WebPages.WebPageBase.PopContext()
   在 System.Web.WebPages.WebPageBase.ExecutePageHierarchy(WebPageContext pageContext, TextWriter writer, WebPageRenderingBase startPage)
   在 System.Web.WebPages.WebPageBase.<>c__DisplayClass7.<RenderPageCore>b__6(TextWriter writer)
   在 System.Web.WebPages.HelperResult.WriteTo(TextWriter writer)
   在 System.Web.WebPages.WebPageBase.Write(HelperResult result)
   在 System.Web.WebPages.WebPageBase.RenderSurrounding(String partialViewName, Action`1 body)
   在 System.Web.WebPages.WebPageBase.PopContext()
   在 System.Web.WebPages.WebPageBase.ExecutePageHierarchy(WebPageContext pageContext, TextWriter writer, WebPageRenderingBase startPage)
   在 System.Web.Mvc.RazorView.RenderView(ViewContext viewContext, TextWriter writer, Object instance)
   在 System.Web.Mvc.BuildManagerCompiledView.Render(ViewContext viewContext, TextWriter writer)
   在 System.Web.Mvc.ViewResultBase.ExecuteResult(ControllerContext context)
   在 System.Web.Mvc.ControllerActionInvoker.InvokeActionResult(ControllerContext controllerContext, ActionResult actionResult)
   在 System.Web.Mvc.ControllerActionInvoker.<>c__DisplayClass1a.<InvokeActionResultWithFilters>b__17()
   在 System.Web.Mvc.ControllerActionInvoker.InvokeActionResultFilter(IResultFilter filter, ResultExecutingContext preContext, Func`1 continuation)
   在 System.Web.Mvc.ControllerActionInvoker.<>c__DisplayClass1a.<>c__DisplayClass1c.<InvokeActionResultWithFilters>b__19()
   在 System.Web.Mvc.ControllerActionInvoker.InvokeActionResultWithFilters(ControllerContext controllerContext, IList`1 filters, ActionResult actionResult)
   在 System.Web.Mvc.Async.AsyncControllerActionInvoker.<>c__DisplayClass25.<>c__DisplayClass2a.<BeginInvokeAction>b__20()
   在 System.Web.Mvc.Async.AsyncControllerActionInvoker.<>c__DisplayClass25.<BeginInvokeAction>b__22(IAsyncResult asyncResult)
   在 System.Web.Mvc.Async.AsyncResultWrapper.WrappedAsyncResult`1.End()
   在 System.Web.Mvc.Async.AsyncControllerActionInvoker.EndInvokeAction(IAsyncResult asyncResult)
   在 System.Web.Mvc.Controller.<>c__DisplayClass1d.<BeginExecuteCore>b__18(IAsyncResult asyncResult)
   在 System.Web.Mvc.Async.AsyncResultWrapper.<>c__DisplayClass4.<MakeVoidDelegate>b__3(IAsyncResult ar)
   在 System.Web.Mvc.Async.AsyncResultWrapper.WrappedAsyncResult`1.End()
   在 System.Web.Mvc.Controller.EndExecuteCore(IAsyncResult asyncResult)
   在 System.Web.Mvc.Async.AsyncResultWrapper.<>c__DisplayClass4.<MakeVoidDelegate>b__3(IAsyncResult ar)
   在 System.Web.Mvc.Async.AsyncResultWrapper.WrappedAsyncResult`1.End()
   在 System.Web.Mvc.Controller.EndExecute(IAsyncResult asyncResult)
   在 System.Web.Mvc.Controller.System.Web.Mvc.Async.IAsyncController.EndExecute(IAsyncResult asyncResult)
   在 System.Web.Mvc.MvcHandler.<>c__DisplayClass8.<BeginProcessRequest>b__3(IAsyncResult asyncResult)
   在 System.Web.Mvc.Async.AsyncResultWrapper.<>c__DisplayClass4.<MakeVoidDelegate>b__3(IAsyncResult ar)
   在 System.Web.Mvc.Async.AsyncResultWrapper.WrappedAsyncResult`1.End()
   在 System.Web.Mvc.MvcHandler.EndProcessRequest(IAsyncResult asyncResult)
   在 System.Web.Mvc.MvcHandler.System.Web.IHttpAsyncHandler.EndProcessRequest(IAsyncResult result)
   在 System.Web.HttpApplication.CallHandlerExecutionStep.System.Web.HttpApplication.IExecutionStep.Execute()
   在 System.Web.HttpApplication.ExecuteStepImpl(IExecutionStep step)
   在 System.Web.HttpApplication.ExecuteStep(IExecutionStep step, Boolean& completedSynchronously)
